<?xml version="1.0" encoding="UTF-8"?>
<!-- Generated by org.testng.reporters.JUnitReportReporter -->
<testsuite hostname="DHXLBVJ2" name="com.zohocrm.testcases.Homepagetest" tests="2" failures="0" timestamp="15 Feb 2021 14:09:44 GMT" time="91.278" errors="0">
  <testcase name="clickonleadslinktest" time="64.271" classname="com.zohocrm.testcases.Homepagetest"/>
  <testcase name="verifytitletest" time="27.007" classname="com.zohocrm.testcases.Homepagetest"/>
</testsuite> <!-- com.zohocrm.testcases.Homepagetest -->
