<?xml version="1.0" encoding="UTF-8"?>
<!-- Generated by org.testng.reporters.JUnitReportReporter -->
<testsuite hostname="DHXLBVJ2" name="com.zohocrm.testcases.leadstest" tests="1" failures="0" timestamp="6 Mar 2021 05:00:23 GMT" time="84.407" errors="0">
  <testcase name="createleadtest" time="84.407" classname="com.zohocrm.testcases.leadstest"/>
</testsuite> <!-- com.zohocrm.testcases.leadstest -->
