<?xml version="1.0" encoding="UTF-8"?>
<!-- Generated by org.testng.reporters.JUnitReportReporter -->
<testsuite hostname="DHXLBVJ2" name="com.zohocrm.testcases.Loginpagetest" tests="2" failures="0" timestamp="11 Feb 2021 14:20:36 GMT" time="31.739" errors="0">
  <testcase name="logintest" time="21.171" classname="com.zohocrm.testcases.Loginpagetest"/>
  <testcase name="verifyingtitletest" time="10.568" classname="com.zohocrm.testcases.Loginpagetest"/>
</testsuite> <!-- com.zohocrm.testcases.Loginpagetest -->
